2015-05-29T09:42:49.558Z - error: Error: ER_BAD_FIELD_ERROR: Unknown column 'content1' in 'field list'
    at Query.Sequence._packetToError (D:\workspace\node_js\WebRTCWebServer\WebRTCWebServer\node_modules\mysql\lib\protocol\sequences\Sequence.js:48:14)
    at Query.ErrorPacket (D:\workspace\node_js\WebRTCWebServer\WebRTCWebServer\node_modules\mysql\lib\protocol\sequences\Query.js:83:18)
    at Protocol._parsePacket (D:\workspace\node_js\WebRTCWebServer\WebRTCWebServer\node_modules\mysql\lib\protocol\Protocol.js:271:23)
    at Parser.write (D:\workspace\node_js\WebRTCWebServer\WebRTCWebServer\node_modules\mysql\lib\protocol\Parser.js:77:12)
    at Protocol.write (D:\workspace\node_js\WebRTCWebServer\WebRTCWebServer\node_modules\mysql\lib\protocol\Protocol.js:39:16)
    at Socket.<anonymous> (D:\workspace\node_js\WebRTCWebServer\WebRTCWebServer\node_modules\mysql\lib\Connection.js:96:28)
    at Socket.emit (events.js:107:17)
    at readableAddChunk (_stream_readable.js:163:16)
    at Socket.Readable.push (_stream_readable.js:126:10)
    at TCP.onread (net.js:538:20)
    --------------------
    at Protocol._enqueue (D:\workspace\node_js\WebRTCWebServer\WebRTCWebServer\node_modules\mysql\lib\protocol\Protocol.js:135:48)
    at PoolConnection.query (D:\workspace\node_js\WebRTCWebServer\WebRTCWebServer\node_modules\mysql\lib\Connection.js:201:25)
    at D:\workspace\node_js\WebRTCWebServer\WebRTCWebServer\database.js:22:20
    at Handshake.onConnect (D:\workspace\node_js\WebRTCWebServer\WebRTCWebServer\node_modules\mysql\lib\Pool.js:59:7)
    at bound (domain.js:254:14)
    at Handshake.runBound [as _callback] (domain.js:267:12)
    at Handshake.Sequence.end (D:\workspace\node_js\WebRTCWebServer\WebRTCWebServer\node_modules\mysql\lib\protocol\sequences\Sequence.js:96:24)
    at Handshake.Sequence.OkPacket (D:\workspace\node_js\WebRTCWebServer\WebRTCWebServer\node_modules\mysql\lib\protocol\sequences\Sequence.js:105:8)
    at Protocol._parsePacket (D:\workspace\node_js\WebRTCWebServer\WebRTCWebServer\node_modules\mysql\lib\protocol\Protocol.js:271:23)
    at Parser.write (D:\workspace\node_js\WebRTCWebServer\WebRTCWebServer\node_modules\mysql\lib\protocol\Parser.js:77:12)
2015-06-02T10:33:29.237Z - error: Error: connect ECONNREFUSED
    at exports._errnoException (util.js:746:11)
    at TCPConnectWrap.afterConnect [as oncomplete] (net.js:1010:19)
    --------------------
    at Protocol._enqueue (D:\workspace\node_js\WEBRTCWebServer\WebRTCWebServer\node_modules\mysql\lib\protocol\Protocol.js:135:48)
    at Protocol.handshake (D:\workspace\node_js\WEBRTCWebServer\WebRTCWebServer\node_modules\mysql\lib\protocol\Protocol.js:52:41)
    at PoolConnection.connect (D:\workspace\node_js\WEBRTCWebServer\WebRTCWebServer\node_modules\mysql\lib\Connection.js:123:18)
    at Pool.getConnection (D:\workspace\node_js\WEBRTCWebServer\WebRTCWebServer\node_modules\mysql\lib\Pool.js:45:23)
    at Object.exports.insertUser (D:\workspace\node_js\WEBRTCWebServer\WebRTCWebServer\database.js:15:10)
    at D:\workspace\node_js\WEBRTCWebServer\WebRTCWebServer\routes\user.js:23:8
    at Layer.handle [as handle_request] (D:\workspace\node_js\WEBRTCWebServer\WebRTCWebServer\node_modules\express\lib\router\layer.js:82:5)
    at next (D:\workspace\node_js\WEBRTCWebServer\WebRTCWebServer\node_modules\express\lib\router\route.js:110:13)
    at Route.dispatch (D:\workspace\node_js\WEBRTCWebServer\WebRTCWebServer\node_modules\express\lib\router\route.js:91:3)
    at Layer.handle [as handle_request] (D:\workspace\node_js\WEBRTCWebServer\WebRTCWebServer\node_modules\express\lib\router\layer.js:82:5)
2015-06-02T10:38:32.705Z - error: Error: ER_NO_SUCH_TABLE: Table 'webrtcdb.user1' doesn't exist
    at Query.Sequence._packetToError (D:\workspace\node_js\WEBRTCWebServer\WebRTCWebServer\node_modules\mysql\lib\protocol\sequences\Sequence.js:48:14)
    at Query.ErrorPacket (D:\workspace\node_js\WEBRTCWebServer\WebRTCWebServer\node_modules\mysql\lib\protocol\sequences\Query.js:83:18)
    at Protocol._parsePacket (D:\workspace\node_js\WEBRTCWebServer\WebRTCWebServer\node_modules\mysql\lib\protocol\Protocol.js:271:23)
    at Parser.write (D:\workspace\node_js\WEBRTCWebServer\WebRTCWebServer\node_modules\mysql\lib\protocol\Parser.js:77:12)
    at Protocol.write (D:\workspace\node_js\WEBRTCWebServer\WebRTCWebServer\node_modules\mysql\lib\protocol\Protocol.js:39:16)
    at Socket.<anonymous> (D:\workspace\node_js\WEBRTCWebServer\WebRTCWebServer\node_modules\mysql\lib\Connection.js:96:28)
    at Socket.emit (events.js:107:17)
    at readableAddChunk (_stream_readable.js:163:16)
    at Socket.Readable.push (_stream_readable.js:126:10)
    at TCP.onread (net.js:538:20)
    --------------------
    at Protocol._enqueue (D:\workspace\node_js\WEBRTCWebServer\WebRTCWebServer\node_modules\mysql\lib\protocol\Protocol.js:135:48)
    at PoolConnection.query (D:\workspace\node_js\WEBRTCWebServer\WebRTCWebServer\node_modules\mysql\lib\Connection.js:201:25)
    at D:\workspace\node_js\WEBRTCWebServer\WebRTCWebServer\database.js:21:20
    at Handshake.onConnect (D:\workspace\node_js\WEBRTCWebServer\WebRTCWebServer\node_modules\mysql\lib\Pool.js:59:7)
    at bound (domain.js:254:14)
    at Handshake.runBound [as _callback] (domain.js:267:12)
    at Handshake.Sequence.end (D:\workspace\node_js\WEBRTCWebServer\WebRTCWebServer\node_modules\mysql\lib\protocol\sequences\Sequence.js:96:24)
    at Handshake.Sequence.OkPacket (D:\workspace\node_js\WEBRTCWebServer\WebRTCWebServer\node_modules\mysql\lib\protocol\sequences\Sequence.js:105:8)
    at Protocol._parsePacket (D:\workspace\node_js\WEBRTCWebServer\WebRTCWebServer\node_modules\mysql\lib\protocol\Protocol.js:271:23)
    at Parser.write (D:\workspace\node_js\WEBRTCWebServer\WebRTCWebServer\node_modules\mysql\lib\protocol\Parser.js:77:12)
2015-06-02T10:41:12.916Z - error: Error: ER_NO_SUCH_TABLE: Table 'webrtcdb.user1' doesn't exist
    at Query.Sequence._packetToError (D:\workspace\node_js\WEBRTCWebServer\WebRTCWebServer\node_modules\mysql\lib\protocol\sequences\Sequence.js:48:14)
    at Query.ErrorPacket (D:\workspace\node_js\WEBRTCWebServer\WebRTCWebServer\node_modules\mysql\lib\protocol\sequences\Query.js:83:18)
    at Protocol._parsePacket (D:\workspace\node_js\WEBRTCWebServer\WebRTCWebServer\node_modules\mysql\lib\protocol\Protocol.js:271:23)
    at Parser.write (D:\workspace\node_js\WEBRTCWebServer\WebRTCWebServer\node_modules\mysql\lib\protocol\Parser.js:77:12)
    at Protocol.write (D:\workspace\node_js\WEBRTCWebServer\WebRTCWebServer\node_modules\mysql\lib\protocol\Protocol.js:39:16)
    at Socket.<anonymous> (D:\workspace\node_js\WEBRTCWebServer\WebRTCWebServer\node_modules\mysql\lib\Connection.js:96:28)
    at Socket.emit (events.js:107:17)
    at readableAddChunk (_stream_readable.js:163:16)
    at Socket.Readable.push (_stream_readable.js:126:10)
    at TCP.onread (net.js:538:20)
    --------------------
    at Protocol._enqueue (D:\workspace\node_js\WEBRTCWebServer\WebRTCWebServer\node_modules\mysql\lib\protocol\Protocol.js:135:48)
    at PoolConnection.query (D:\workspace\node_js\WEBRTCWebServer\WebRTCWebServer\node_modules\mysql\lib\Connection.js:201:25)
    at D:\workspace\node_js\WEBRTCWebServer\WebRTCWebServer\database.js:21:20
    at Handshake.onConnect (D:\workspace\node_js\WEBRTCWebServer\WebRTCWebServer\node_modules\mysql\lib\Pool.js:59:7)
    at bound (domain.js:254:14)
    at Handshake.runBound [as _callback] (domain.js:267:12)
    at Handshake.Sequence.end (D:\workspace\node_js\WEBRTCWebServer\WebRTCWebServer\node_modules\mysql\lib\protocol\sequences\Sequence.js:96:24)
    at Handshake.Sequence.OkPacket (D:\workspace\node_js\WEBRTCWebServer\WebRTCWebServer\node_modules\mysql\lib\protocol\sequences\Sequence.js:105:8)
    at Protocol._parsePacket (D:\workspace\node_js\WEBRTCWebServer\WebRTCWebServer\node_modules\mysql\lib\protocol\Protocol.js:271:23)
    at Parser.write (D:\workspace\node_js\WEBRTCWebServer\WebRTCWebServer\node_modules\mysql\lib\protocol\Parser.js:77:12)
2015-06-02T10:42:17.281Z - error: Error: ER_NO_SUCH_TABLE: Table 'webrtcdb.user1' doesn't exist
    at Query.Sequence._packetToError (D:\workspace\node_js\WEBRTCWebServer\WebRTCWebServer\node_modules\mysql\lib\protocol\sequences\Sequence.js:48:14)
    at Query.ErrorPacket (D:\workspace\node_js\WEBRTCWebServer\WebRTCWebServer\node_modules\mysql\lib\protocol\sequences\Query.js:83:18)
    at Protocol._parsePacket (D:\workspace\node_js\WEBRTCWebServer\WebRTCWebServer\node_modules\mysql\lib\protocol\Protocol.js:271:23)
    at Parser.write (D:\workspace\node_js\WEBRTCWebServer\WebRTCWebServer\node_modules\mysql\lib\protocol\Parser.js:77:12)
    at Protocol.write (D:\workspace\node_js\WEBRTCWebServer\WebRTCWebServer\node_modules\mysql\lib\protocol\Protocol.js:39:16)
    at Socket.<anonymous> (D:\workspace\node_js\WEBRTCWebServer\WebRTCWebServer\node_modules\mysql\lib\Connection.js:96:28)
    at Socket.emit (events.js:107:17)
    at readableAddChunk (_stream_readable.js:163:16)
    at Socket.Readable.push (_stream_readable.js:126:10)
    at TCP.onread (net.js:538:20)
    --------------------
    at Protocol._enqueue (D:\workspace\node_js\WEBRTCWebServer\WebRTCWebServer\node_modules\mysql\lib\protocol\Protocol.js:135:48)
    at PoolConnection.query (D:\workspace\node_js\WEBRTCWebServer\WebRTCWebServer\node_modules\mysql\lib\Connection.js:201:25)
    at D:\workspace\node_js\WEBRTCWebServer\WebRTCWebServer\database.js:21:20
    at Handshake.onConnect (D:\workspace\node_js\WEBRTCWebServer\WebRTCWebServer\node_modules\mysql\lib\Pool.js:59:7)
    at bound (domain.js:254:14)
    at Handshake.runBound [as _callback] (domain.js:267:12)
    at Handshake.Sequence.end (D:\workspace\node_js\WEBRTCWebServer\WebRTCWebServer\node_modules\mysql\lib\protocol\sequences\Sequence.js:96:24)
    at Handshake.Sequence.OkPacket (D:\workspace\node_js\WEBRTCWebServer\WebRTCWebServer\node_modules\mysql\lib\protocol\sequences\Sequence.js:105:8)
    at Protocol._parsePacket (D:\workspace\node_js\WEBRTCWebServer\WebRTCWebServer\node_modules\mysql\lib\protocol\Protocol.js:271:23)
    at Parser.write (D:\workspace\node_js\WEBRTCWebServer\WebRTCWebServer\node_modules\mysql\lib\protocol\Parser.js:77:12)
2015-06-02T10:44:16.571Z - error: Error: ER_NO_SUCH_TABLE: Table 'webrtcdb.user1' doesn't exist
    at Query.Sequence._packetToError (D:\workspace\node_js\WEBRTCWebServer\WebRTCWebServer\node_modules\mysql\lib\protocol\sequences\Sequence.js:48:14)
    at Query.ErrorPacket (D:\workspace\node_js\WEBRTCWebServer\WebRTCWebServer\node_modules\mysql\lib\protocol\sequences\Query.js:83:18)
    at Protocol._parsePacket (D:\workspace\node_js\WEBRTCWebServer\WebRTCWebServer\node_modules\mysql\lib\protocol\Protocol.js:271:23)
    at Parser.write (D:\workspace\node_js\WEBRTCWebServer\WebRTCWebServer\node_modules\mysql\lib\protocol\Parser.js:77:12)
    at Protocol.write (D:\workspace\node_js\WEBRTCWebServer\WebRTCWebServer\node_modules\mysql\lib\protocol\Protocol.js:39:16)
    at Socket.<anonymous> (D:\workspace\node_js\WEBRTCWebServer\WebRTCWebServer\node_modules\mysql\lib\Connection.js:96:28)
    at Socket.emit (events.js:107:17)
    at readableAddChunk (_stream_readable.js:163:16)
    at Socket.Readable.push (_stream_readable.js:126:10)
    at TCP.onread (net.js:538:20)
    --------------------
    at Protocol._enqueue (D:\workspace\node_js\WEBRTCWebServer\WebRTCWebServer\node_modules\mysql\lib\protocol\Protocol.js:135:48)
    at PoolConnection.query (D:\workspace\node_js\WEBRTCWebServer\WebRTCWebServer\node_modules\mysql\lib\Connection.js:201:25)
    at D:\workspace\node_js\WEBRTCWebServer\WebRTCWebServer\database.js:21:20
    at Handshake.onConnect (D:\workspace\node_js\WEBRTCWebServer\WebRTCWebServer\node_modules\mysql\lib\Pool.js:59:7)
    at bound (domain.js:254:14)
    at Handshake.runBound [as _callback] (domain.js:267:12)
    at Handshake.Sequence.end (D:\workspace\node_js\WEBRTCWebServer\WebRTCWebServer\node_modules\mysql\lib\protocol\sequences\Sequence.js:96:24)
    at Handshake.Sequence.OkPacket (D:\workspace\node_js\WEBRTCWebServer\WebRTCWebServer\node_modules\mysql\lib\protocol\sequences\Sequence.js:105:8)
    at Protocol._parsePacket (D:\workspace\node_js\WEBRTCWebServer\WebRTCWebServer\node_modules\mysql\lib\protocol\Protocol.js:271:23)
    at Parser.write (D:\workspace\node_js\WEBRTCWebServer\WebRTCWebServer\node_modules\mysql\lib\protocol\Parser.js:77:12)
2015-06-02T10:45:01.746Z - error: Error: ER_NO_SUCH_TABLE: Table 'webrtcdb.user1' doesn't exist
    at Query.Sequence._packetToError (D:\workspace\node_js\WEBRTCWebServer\WebRTCWebServer\node_modules\mysql\lib\protocol\sequences\Sequence.js:48:14)
    at Query.ErrorPacket (D:\workspace\node_js\WEBRTCWebServer\WebRTCWebServer\node_modules\mysql\lib\protocol\sequences\Query.js:83:18)
    at Protocol._parsePacket (D:\workspace\node_js\WEBRTCWebServer\WebRTCWebServer\node_modules\mysql\lib\protocol\Protocol.js:271:23)
    at Parser.write (D:\workspace\node_js\WEBRTCWebServer\WebRTCWebServer\node_modules\mysql\lib\protocol\Parser.js:77:12)
    at Protocol.write (D:\workspace\node_js\WEBRTCWebServer\WebRTCWebServer\node_modules\mysql\lib\protocol\Protocol.js:39:16)
    at Socket.<anonymous> (D:\workspace\node_js\WEBRTCWebServer\WebRTCWebServer\node_modules\mysql\lib\Connection.js:96:28)
    at Socket.emit (events.js:107:17)
    at readableAddChunk (_stream_readable.js:163:16)
    at Socket.Readable.push (_stream_readable.js:126:10)
    at TCP.onread (net.js:538:20)
    --------------------
    at Protocol._enqueue (D:\workspace\node_js\WEBRTCWebServer\WebRTCWebServer\node_modules\mysql\lib\protocol\Protocol.js:135:48)
    at PoolConnection.query (D:\workspace\node_js\WEBRTCWebServer\WebRTCWebServer\node_modules\mysql\lib\Connection.js:201:25)
    at D:\workspace\node_js\WEBRTCWebServer\WebRTCWebServer\database.js:21:20
    at Handshake.onConnect (D:\workspace\node_js\WEBRTCWebServer\WebRTCWebServer\node_modules\mysql\lib\Pool.js:59:7)
    at bound (domain.js:254:14)
    at Handshake.runBound [as _callback] (domain.js:267:12)
    at Handshake.Sequence.end (D:\workspace\node_js\WEBRTCWebServer\WebRTCWebServer\node_modules\mysql\lib\protocol\sequences\Sequence.js:96:24)
    at Handshake.Sequence.OkPacket (D:\workspace\node_js\WEBRTCWebServer\WebRTCWebServer\node_modules\mysql\lib\protocol\sequences\Sequence.js:105:8)
    at Protocol._parsePacket (D:\workspace\node_js\WEBRTCWebServer\WebRTCWebServer\node_modules\mysql\lib\protocol\Protocol.js:271:23)
    at Parser.write (D:\workspace\node_js\WEBRTCWebServer\WebRTCWebServer\node_modules\mysql\lib\protocol\Parser.js:77:12)
2015-06-02T10:45:48.232Z - error: Error: ER_NO_SUCH_TABLE: Table 'webrtcdb.user1' doesn't exist
    at Query.Sequence._packetToError (D:\workspace\node_js\WEBRTCWebServer\WebRTCWebServer\node_modules\mysql\lib\protocol\sequences\Sequence.js:48:14)
    at Query.ErrorPacket (D:\workspace\node_js\WEBRTCWebServer\WebRTCWebServer\node_modules\mysql\lib\protocol\sequences\Query.js:83:18)
    at Protocol._parsePacket (D:\workspace\node_js\WEBRTCWebServer\WebRTCWebServer\node_modules\mysql\lib\protocol\Protocol.js:271:23)
    at Parser.write (D:\workspace\node_js\WEBRTCWebServer\WebRTCWebServer\node_modules\mysql\lib\protocol\Parser.js:77:12)
    at Protocol.write (D:\workspace\node_js\WEBRTCWebServer\WebRTCWebServer\node_modules\mysql\lib\protocol\Protocol.js:39:16)
    at Socket.<anonymous> (D:\workspace\node_js\WEBRTCWebServer\WebRTCWebServer\node_modules\mysql\lib\Connection.js:96:28)
    at Socket.emit (events.js:107:17)
    at readableAddChunk (_stream_readable.js:163:16)
    at Socket.Readable.push (_stream_readable.js:126:10)
    at TCP.onread (net.js:538:20)
    --------------------
    at Protocol._enqueue (D:\workspace\node_js\WEBRTCWebServer\WebRTCWebServer\node_modules\mysql\lib\protocol\Protocol.js:135:48)
    at PoolConnection.query (D:\workspace\node_js\WEBRTCWebServer\WebRTCWebServer\node_modules\mysql\lib\Connection.js:201:25)
    at D:\workspace\node_js\WEBRTCWebServer\WebRTCWebServer\database.js:21:20
    at Handshake.onConnect (D:\workspace\node_js\WEBRTCWebServer\WebRTCWebServer\node_modules\mysql\lib\Pool.js:59:7)
    at bound (domain.js:254:14)
    at Handshake.runBound [as _callback] (domain.js:267:12)
    at Handshake.Sequence.end (D:\workspace\node_js\WEBRTCWebServer\WebRTCWebServer\node_modules\mysql\lib\protocol\sequences\Sequence.js:96:24)
    at Handshake.Sequence.OkPacket (D:\workspace\node_js\WEBRTCWebServer\WebRTCWebServer\node_modules\mysql\lib\protocol\sequences\Sequence.js:105:8)
    at Protocol._parsePacket (D:\workspace\node_js\WEBRTCWebServer\WebRTCWebServer\node_modules\mysql\lib\protocol\Protocol.js:271:23)
    at Parser.write (D:\workspace\node_js\WEBRTCWebServer\WebRTCWebServer\node_modules\mysql\lib\protocol\Parser.js:77:12)
